  cbu.c
cbu.c(332): warning C4273: 'malloc': dll 링크가 일치하지 않습니다.
  c:\program files (x86)\windows kits\10\include\10.0.17134.0\ucrt\corecrt_malloc.h(97): note: 'malloc'의 이전 정의를 참조하십시오.
cbu.c(339): warning C4273: 'free': dll 링크가 일치하지 않습니다.
  c:\program files (x86)\windows kits\10\include\10.0.17134.0\ucrt\corecrt_malloc.h(85): note: 'free'의 이전 정의를 참조하십시오.
cbu.c(1340): warning C4013: 'yylex'이(가) 정의되지 않았습니다. extern은 int형을 반환하는 것으로 간주합니다.
cbu.c(1594): warning C4013: 'yyerror'이(가) 정의되지 않았습니다. extern은 int형을 반환하는 것으로 간주합니다.
  cbulex.c
cbulex.c(1100): warning C4267: '=': 'size_t'에서 'int'(으)로 변환하면서 데이터가 손실될 수 있습니다.
cbulex.c(1266): warning C4244: '초기화 중': '__int64'에서 'int'(으)로 변환하면서 데이터가 손실될 수 있습니다.
cbulex.c(1647): warning C4013: 'exit'이(가) 정의되지 않았습니다. extern은 int형을 반환하는 것으로 간주합니다.
cbulex.c(1710): warning C4013: 'malloc'이(가) 정의되지 않았습니다. extern은 int형을 반환하는 것으로 간주합니다.
cbulex.c(1710): warning C4312: '형식 캐스트': 'int'에서 더 큰 'void *'(으)로의 변환입니다.
cbulex.c(1728): warning C4013: 'realloc'이(가) 정의되지 않았습니다. extern은 int형을 반환하는 것으로 간주합니다.
cbulex.c(1728): warning C4312: '형식 캐스트': 'int'에서 더 큰 'void *'(으)로의 변환입니다.
cbulex.c(1738): warning C4013: 'free'이(가) 정의되지 않았습니다. extern은 int형을 반환하는 것으로 간주합니다.
  코드를 생성하고 있습니다...
c:\workspace\컴파일러\cbu\cbu\cbu.l(72): warning C4716: 'yywrap': 값을 반환해야 합니다.
c:\workspace\컴파일러\cbu\cbu\cbu.y(124): warning C4716: 'yyerror': 값을 반환해야 합니다.
  cbu.vcxproj -> C:\Workspace\컴파일러\cbu\x64\Debug\cbu.exe
